<?xml version="1.0" encoding="UTF-8"?>
<!-- Generated by org.testng.reporters.JUnitReportReporter -->
<testsuite hostname="DESKTOP-HDVUGK0" failures="0" tests="2" name="testNg.Testngclass" time="0.005" errors="0" timestamp="2021-03-25T13:07:03 EDT" skipped="0">
  <testcase classname="testNg.Testngclass" name="testcase2" time="0.004"/>
  <system-out/>
  <testcase classname="testNg.Testngclass" name="testcase1" time="0.001"/>
  <system-out/>
</testsuite> <!-- testNg.Testngclass -->
